2021-03-03 14:13:17,946 INFO o.a.j.u.JMeterUtils: Setting Locale to en_EN
2021-03-03 14:13:17,968 INFO o.a.j.JMeter: Loading user properties from: D:\Jmeter\apache-jmeter-5.0\bin\user.properties
2021-03-03 14:13:17,976 INFO o.a.j.JMeter: Loading system properties from: D:\Jmeter\apache-jmeter-5.0\bin\system.properties
2021-03-03 14:13:17,998 INFO o.a.j.JMeter: Copyright (c) 1998-2018 The Apache Software Foundation
2021-03-03 14:13:17,998 INFO o.a.j.JMeter: Version 5.0 r1840935
2021-03-03 14:13:17,998 INFO o.a.j.JMeter: java.version=1.8.0_151
2021-03-03 14:13:17,998 INFO o.a.j.JMeter: java.vm.name=Java HotSpot(TM) 64-Bit Server VM
2021-03-03 14:13:17,998 INFO o.a.j.JMeter: os.name=Windows 10
2021-03-03 14:13:17,998 INFO o.a.j.JMeter: os.arch=amd64
2021-03-03 14:13:17,998 INFO o.a.j.JMeter: os.version=10.0
2021-03-03 14:13:17,998 INFO o.a.j.JMeter: file.encoding=GBK
2021-03-03 14:13:17,999 INFO o.a.j.JMeter: Max memory     =1073741824
2021-03-03 14:13:17,999 INFO o.a.j.JMeter: Available Processors =4
2021-03-03 14:13:18,009 INFO o.a.j.JMeter: Default Locale=English (EN)
2021-03-03 14:13:18,009 INFO o.a.j.JMeter: JMeter  Locale=English (EN)
2021-03-03 14:13:18,009 INFO o.a.j.JMeter: JMeterHome=D:\Jmeter\apache-jmeter-5.0
2021-03-03 14:13:18,010 INFO o.a.j.JMeter: user.dir  =D:\zlf\zt\cloudcode\jeecg-boot
2021-03-03 14:13:18,010 INFO o.a.j.JMeter: PWD       =D:\zlf\zt\cloudcode\jeecg-boot
2021-03-03 14:13:27,022 INFO o.a.j.JMeter: IP: 192.168.56.1 Name: DESKTOP-VH9PCA3 FullName: DESKTOP-VH9PCA3
2021-03-03 14:13:27,024 INFO o.a.j.JMeter: Setting property 'jmeter.reportgenerator.outputdir' to:'D:\Jmeter\apache-jmeter-5.0\bin\output'
2021-03-03 14:13:27,034 INFO o.a.j.s.FileServer: Default base='D:\zlf\zt\cloudcode\jeecg-boot'
2021-03-03 14:13:27,048 INFO o.a.j.s.FileServer: Set new base='D:\Jmeter\apache-jmeter-5.0\bin\templates'
2021-03-03 14:13:27,379 INFO o.a.j.s.SaveService: Testplan (JMX) version: 2.2. Testlog (JTL) version: 2.2
2021-03-03 14:13:27,442 INFO o.a.j.s.SaveService: Using SaveService properties file encoding UTF-8
2021-03-03 14:13:27,457 INFO o.a.j.s.SaveService: Using SaveService properties version 5.0
2021-03-03 14:13:27,464 INFO o.a.j.s.SaveService: Loading file: D:\Jmeter\apache-jmeter-5.0\bin\templates\jmeter_api_sample.jmx
2021-03-03 14:13:27,583 INFO o.a.j.p.h.s.HTTPSamplerBase: Parser for text/html is org.apache.jmeter.protocol.http.parser.LagartoBasedHtmlParser
2021-03-03 14:13:27,583 INFO o.a.j.p.h.s.HTTPSamplerBase: Parser for application/xhtml+xml is org.apache.jmeter.protocol.http.parser.LagartoBasedHtmlParser
2021-03-03 14:13:27,583 INFO o.a.j.p.h.s.HTTPSamplerBase: Parser for application/xml is org.apache.jmeter.protocol.http.parser.LagartoBasedHtmlParser
2021-03-03 14:13:27,583 INFO o.a.j.p.h.s.HTTPSamplerBase: Parser for text/xml is org.apache.jmeter.protocol.http.parser.LagartoBasedHtmlParser
2021-03-03 14:13:27,583 INFO o.a.j.p.h.s.HTTPSamplerBase: Parser for text/vnd.wap.wml is org.apache.jmeter.protocol.http.parser.RegexpHTMLParser
2021-03-03 14:13:27,583 INFO o.a.j.p.h.s.HTTPSamplerBase: Parser for text/css is org.apache.jmeter.protocol.http.parser.CssParser
2021-03-03 14:13:27,597 INFO o.a.j.JMeter: Creating summariser <summary>
2021-03-03 14:13:27,606 INFO o.a.j.r.d.ReportGenerator: ReportGenerator will use for Parsing the separator: ','
2021-03-03 14:13:27,607 INFO o.a.j.r.d.ReportGenerator: Will generate report at end of test from  results file: testLogFile
2021-03-03 14:13:27,607 INFO o.a.j.r.d.ReportGenerator: Reading report generator properties from: D:\Jmeter\apache-jmeter-5.0\bin\reportgenerator.properties
2021-03-03 14:13:27,645 INFO o.a.j.r.d.ReportGenerator: Merging with JMeter properties
2021-03-03 14:13:27,664 INFO o.a.j.r.c.ReportGeneratorConfiguration: Property 'jmeter.reportgenerator.temp_dir' not found, using default value 'temp' instead.
2021-03-03 14:13:27,667 INFO o.a.j.r.c.ReportGeneratorConfiguration: Property 'jmeter.reportgenerator.apdex_per_transaction' not found, using default value 'null' instead.
2021-03-03 14:13:27,667 INFO o.a.j.r.c.ReportGeneratorConfiguration: apdex_per_transaction : {} is empty, not APDEX per transaction customization
2021-03-03 14:13:27,667 INFO o.a.j.r.c.ReportGeneratorConfiguration: Property 'jmeter.reportgenerator.sample_filter' not found, using default value 'null' instead.
2021-03-03 14:13:27,667 INFO o.a.j.r.c.ReportGeneratorConfiguration: Property 'jmeter.reportgenerator.report_title' not found, using default value 'null' instead.
2021-03-03 14:13:27,667 INFO o.a.j.r.c.ReportGeneratorConfiguration: Property 'jmeter.reportgenerator.start_date' not found, using default value 'null' instead.
2021-03-03 14:13:27,667 INFO o.a.j.r.c.ReportGeneratorConfiguration: Property 'jmeter.reportgenerator.end_date' not found, using default value 'null' instead.
2021-03-03 14:13:27,668 INFO o.a.j.r.c.ReportGeneratorConfiguration: Property 'jmeter.reportgenerator.date_format' not found, using default value 'null' instead.
2021-03-03 14:13:27,668 INFO o.a.j.r.c.ReportGeneratorConfiguration: Will use date range start date: null, end date: null
2021-03-03 14:13:27,684 INFO o.a.j.r.c.ReportGeneratorConfiguration: Property 'jmeter.reportgenerator.graph.totalTPS.exclude_controllers' not found, using default value 'false' instead.
2021-03-03 14:13:27,684 INFO o.a.j.r.c.ReportGeneratorConfiguration: Property 'jmeter.reportgenerator.graph.activeThreadsOverTime.exclude_controllers' not found, using default value 'false' instead.
2021-03-03 14:13:27,685 INFO o.a.j.r.c.ReportGeneratorConfiguration: Property 'jmeter.reportgenerator.graph.timeVsThreads.exclude_controllers' not found, using default value 'false' instead.
2021-03-03 14:13:27,685 INFO o.a.j.r.c.ReportGeneratorConfiguration: Property 'jmeter.reportgenerator.graph.responseTimeDistribution.exclude_controllers' not found, using default value 'false' instead.
2021-03-03 14:13:27,685 INFO o.a.j.r.c.ReportGeneratorConfiguration: Property 'jmeter.reportgenerator.graph.transactionsPerSecond.exclude_controllers' not found, using default value 'false' instead.
2021-03-03 14:13:27,685 INFO o.a.j.r.c.ReportGeneratorConfiguration: Property 'jmeter.reportgenerator.graph.responseTimePercentiles.exclude_controllers' not found, using default value 'false' instead.
2021-03-03 14:13:27,685 INFO o.a.j.r.c.ReportGeneratorConfiguration: Property 'jmeter.reportgenerator.graph.responseTimePercentilesOverTime.exclude_controllers' not found, using default value 'false' instead.
2021-03-03 14:13:27,686 INFO o.a.j.r.c.ReportGeneratorConfiguration: Property 'jmeter.reportgenerator.graph.responseTimesOverTime.exclude_controllers' not found, using default value 'false' instead.
2021-03-03 14:13:27,686 INFO o.a.j.r.c.ReportGeneratorConfiguration: Property 'jmeter.reportgenerator.graph.connectTimeOverTime.exclude_controllers' not found, using default value 'false' instead.
2021-03-03 14:13:27,687 INFO o.a.j.r.c.ReportGeneratorConfiguration: Property 'jmeter.reportgenerator.graph.latenciesOverTime.exclude_controllers' not found, using default value 'false' instead.
2021-03-03 14:13:27,688 INFO o.a.j.r.c.ReportGeneratorConfiguration: Property 'jmeter.reportgenerator.exporter.html.filters_only_sample_series' not found, using default value 'true' instead.
2021-03-03 14:13:27,689 INFO o.a.j.r.c.ReportGeneratorConfiguration: Property 'jmeter.reportgenerator.exporter.html.series_filter' not found, using default value '' instead.
2021-03-03 14:13:27,689 INFO o.a.j.r.c.ReportGeneratorConfiguration: Property 'jmeter.reportgenerator.exporter.html.show_controllers_only' not found, using default value 'false' instead.
2021-03-03 14:13:27,696 INFO o.a.j.e.StandardJMeterEngine: Running the test!
2021-03-03 14:13:27,697 INFO o.a.j.s.SampleEvent: List of sample_variables: []
2021-03-03 14:13:27,697 INFO o.a.j.s.SampleEvent: List of sample_variables: []
2021-03-03 14:13:27,705 INFO o.a.j.e.u.CompoundVariable: Note: Function class names must contain the string: '.functions.'
2021-03-03 14:13:27,705 INFO o.a.j.e.u.CompoundVariable: Note: Function class names must not contain the string: '.gui.'
2021-03-03 14:13:28,381 INFO o.a.j.JMeter: Running test (1614752008381)
2021-03-03 14:13:28,432 INFO o.a.j.e.StandardJMeterEngine: Starting ThreadGroup: 1 : Sample Thread Group
2021-03-03 14:13:28,433 INFO o.a.j.e.StandardJMeterEngine: Starting 1 threads for group Sample Thread Group.
2021-03-03 14:13:28,433 INFO o.a.j.e.StandardJMeterEngine: Thread will continue on error
2021-03-03 14:13:28,433 INFO o.a.j.t.ThreadGroup: Starting thread group... number=1 threads=1 ramp-up=1 perThread=1000.0 delayedStart=false
2021-03-03 14:13:28,443 INFO o.a.j.t.ThreadGroup: Started thread group number 1
2021-03-03 14:13:28,444 INFO o.a.j.e.StandardJMeterEngine: All thread groups have been started
2021-03-03 14:13:28,451 INFO o.a.j.t.JMeterThread: Thread started: Sample Thread Group 1-1
2021-03-03 14:13:28,502 INFO o.a.j.p.h.s.HTTPHCAbstractImpl: Local host = DESKTOP-VH9PCA3
2021-03-03 14:13:28,514 INFO o.a.j.p.h.s.HTTPHC4Impl: HTTP request retry count = 0
2021-03-03 14:13:28,516 INFO o.a.j.s.SampleResult: Note: Sample TimeStamps are START times
2021-03-03 14:13:28,517 INFO o.a.j.s.SampleResult: sampleresult.default.encoding is set to ISO-8859-1
2021-03-03 14:13:28,517 INFO o.a.j.s.SampleResult: sampleresult.useNanoTime=true
2021-03-03 14:13:28,517 INFO o.a.j.s.SampleResult: sampleresult.nanoThreadSleep=5000
2021-03-03 14:13:29,801 INFO o.a.j.t.JMeterThread: Thread is done: Sample Thread Group 1-1
2021-03-03 14:13:29,801 INFO o.a.j.t.JMeterThread: Thread finished: Sample Thread Group 1-1
2021-03-03 14:13:29,802 INFO o.a.j.e.StandardJMeterEngine: Notifying test listeners of end of test
2021-03-03 14:13:29,803 INFO o.a.j.r.Summariser: summary =      1 in 00:00:01 =    0.7/s Avg:  1166 Min:  1166 Max:  1166 Err:     0 (0.00%)
2021-03-03 14:13:29,804 INFO o.a.j.JMeter: Generating Dashboard
2021-03-03 14:13:29,804 INFO o.a.j.r.d.ReportGenerator: Flushing result collector before report Generation
2021-03-03 14:13:29,900 INFO o.a.j.r.p.NormalizerSampleConsumer: Using format, 'ms', to parse timeStamp field
2021-03-03 14:13:33,021 INFO o.a.j.r.p.AbstractSampleConsumer: class org.apache.jmeter.report.processor.AggregateConsumer#stopProducing(): beginDate produced 0 samples
2021-03-03 14:13:33,022 INFO o.a.j.r.p.AbstractSampleConsumer: class org.apache.jmeter.report.processor.AggregateConsumer#stopProducing(): endDate produced 0 samples
2021-03-03 14:13:33,025 INFO o.a.j.r.p.AbstractSampleConsumer: class org.apache.jmeter.report.processor.ApdexSummaryConsumer#stopProducing(): apdexSummary produced 0 samples
2021-03-03 14:13:33,025 INFO o.a.j.r.p.AbstractSampleConsumer: class org.apache.jmeter.report.processor.RequestsSummaryConsumer#stopProducing(): requestsSummary produced 0 samples
2021-03-03 14:13:33,030 INFO o.a.j.r.p.AbstractSampleConsumer: class org.apache.jmeter.report.processor.StatisticsSummaryConsumer#stopProducing(): statisticsSummary produced 0 samples
2021-03-03 14:13:33,046 INFO o.a.j.r.p.AbstractSampleConsumer: class org.apache.jmeter.report.processor.Top5ErrorsBySamplerConsumer#stopProducing(): top5ErrorsBySampler produced 0 samples
2021-03-03 14:13:33,046 INFO o.a.j.r.p.AbstractSampleConsumer: class org.apache.jmeter.report.processor.ErrorsSummaryConsumer#stopProducing(): errorsSummary produced 0 samples
2021-03-03 14:13:33,046 INFO o.a.j.r.p.AbstractSampleConsumer: class org.apache.jmeter.report.processor.graph.impl.HitsPerSecondGraphConsumer#stopProducing(): hitsPerSecond produced 0 samples
2021-03-03 14:13:33,080 INFO o.a.j.r.p.AbstractSampleConsumer: class org.apache.jmeter.report.processor.graph.impl.LatencyVSRequestGraphConsumer#stopProducing(): latencyVsRequest produced 0 samples
2021-03-03 14:13:33,080 INFO o.a.j.r.p.AbstractSampleConsumer: class org.apache.jmeter.report.processor.graph.impl.SyntheticResponseTimeDistributionGraphConsumer#stopProducing(): syntheticResponseTimeDistribution produced 0 samples
2021-03-03 14:13:33,080 INFO o.a.j.r.p.AbstractSampleConsumer: class org.apache.jmeter.report.processor.graph.impl.BytesThroughputGraphConsumer#stopProducing(): bytesThroughputOverTime produced 0 samples
2021-03-03 14:13:33,080 INFO o.a.j.r.p.AbstractSampleConsumer: class org.apache.jmeter.report.processor.graph.impl.CodesPerSecondGraphConsumer#stopProducing(): codesPerSecond produced 0 samples
2021-03-03 14:13:33,086 INFO o.a.j.r.p.AbstractSampleConsumer: class org.apache.jmeter.report.processor.graph.impl.ResponseTimeVSRequestGraphConsumer#stopProducing(): responseTimeVsRequest produced 0 samples
2021-03-03 14:13:33,087 INFO o.a.j.r.p.AbstractSampleConsumer: class org.apache.jmeter.report.processor.FilterConsumer#stopProducing(): startIntervalControlerFilter produced 7 samples
2021-03-03 14:13:33,087 INFO o.a.j.r.p.AbstractSampleConsumer: class org.apache.jmeter.report.processor.graph.impl.TotalTPSGraphConsumer#stopProducing(): totalTPS produced 0 samples
2021-03-03 14:13:33,087 INFO o.a.j.r.p.AbstractSampleConsumer: class org.apache.jmeter.report.processor.graph.impl.ActiveThreadsGraphConsumer#stopProducing(): activeThreadsOverTime produced 0 samples
2021-03-03 14:13:33,087 INFO o.a.j.r.p.AbstractSampleConsumer: class org.apache.jmeter.report.processor.graph.impl.TimeVSThreadGraphConsumer#stopProducing(): timeVsThreads produced 0 samples
2021-03-03 14:13:33,088 INFO o.a.j.r.p.AbstractSampleConsumer: class org.apache.jmeter.report.processor.graph.impl.ResponseTimeDistributionGraphConsumer#stopProducing(): responseTimeDistribution produced 0 samples
2021-03-03 14:13:33,088 INFO o.a.j.r.p.AbstractSampleConsumer: class org.apache.jmeter.report.processor.graph.impl.TransactionsPerSecondGraphConsumer#stopProducing(): transactionsPerSecond produced 0 samples
2021-03-03 14:13:33,088 INFO o.a.j.r.p.AbstractSampleConsumer: class org.apache.jmeter.report.processor.graph.impl.ResponseTimePercentilesGraphConsumer#stopProducing(): responseTimePercentiles produced 0 samples
2021-03-03 14:13:33,090 INFO o.a.j.r.p.AbstractSampleConsumer: class org.apache.jmeter.report.processor.graph.impl.ResponseTimePercentilesOverTimeGraphConsumer#stopProducing(): responseTimePercentilesOverTime produced 0 samples
2021-03-03 14:13:33,090 INFO o.a.j.r.p.AbstractSampleConsumer: class org.apache.jmeter.report.processor.graph.impl.ResponseTimeOverTimeGraphConsumer#stopProducing(): responseTimesOverTime produced 0 samples
2021-03-03 14:13:33,090 INFO o.a.j.r.p.AbstractSampleConsumer: class org.apache.jmeter.report.processor.graph.impl.ConnectTimeOverTimeGraphConsumer#stopProducing(): connectTimeOverTime produced 0 samples
2021-03-03 14:13:33,090 INFO o.a.j.r.p.AbstractSampleConsumer: class org.apache.jmeter.report.processor.graph.impl.LatencyOverTimeGraphConsumer#stopProducing(): latenciesOverTime produced 0 samples
2021-03-03 14:13:33,090 INFO o.a.j.r.p.AbstractSampleConsumer: class org.apache.jmeter.report.processor.FilterConsumer#stopProducing(): nameFilter produced 15 samples
2021-03-03 14:13:33,090 INFO o.a.j.r.p.AbstractSampleConsumer: class org.apache.jmeter.report.processor.FilterConsumer#stopProducing(): dateRangeFilter produced 3 samples
2021-03-03 14:13:33,090 INFO o.a.j.r.p.AbstractSampleConsumer: class org.apache.jmeter.report.processor.NormalizerSampleConsumer#stopProducing(): normalizer produced 1 samples
2021-03-03 14:13:33,091 INFO o.a.j.r.p.CsvFileSampleSource: produce(): 1 samples produced in 3s 141 ms on channel 0
2021-03-03 14:13:33,091 INFO o.a.j.r.d.ReportGenerator: Exporting data using exporter:'html' of className:'org.apache.jmeter.report.dashboard.HtmlTemplateExporter'
2021-03-03 14:13:33,095 INFO o.a.j.r.d.HtmlTemplateExporter: Will generate dashboard in folder: D:\Jmeter\apache-jmeter-5.0\bin\output
2021-03-03 14:13:33,259 INFO o.a.j.r.d.HtmlTemplateExporter: Report will be generated in: D:\Jmeter\apache-jmeter-5.0\bin\output, creating folder structure
2021-03-03 14:13:36,637 INFO o.a.j.JMeter: Dashboard generated
